<?xml version="1.0" encoding="UTF-8"?>
<!-- Generated by org.testng.reporters.JUnitReportReporter -->
<testsuite hostname="Nistozs-MacBook-Pro-II.local" failures="0" tests="3" name="nb_c12s10_Util_pkg.LoginTest" time="19.002" errors="0" timestamp="2023-07-22T12:34:14 CDT" skipped="0">
  <testcase classname="nb_c12s10_Util_pkg.LoginTest" name="loginTest" time="6.191"/>
  <testcase classname="nb_c12s10_Util_pkg.LoginTest" name="loginTest" time="6.775"/>
  <testcase classname="nb_c12s10_Util_pkg.LoginTest" name="loginTest" time="6.036"/>
</testsuite> <!-- nb_c12s10_Util_pkg.LoginTest -->
